::1 - - [25/Jul/2017:09:59:12 +0000] "GET /static/a.txt HTTP/1.1" 200 6 "-" "Mozilla/5.0 (Macintosh; Intel Mac OS X 10_11_6) AppleWebKit/537.36 (KHTML, like Gecko) Chrome/59.0.3071.115 Safari/537.36"
::1 - - [25/Jul/2017:09:59:15 +0000] "GET /static/a.txt HTTP/1.1" 304 - "-" "Mozilla/5.0 (Macintosh; Intel Mac OS X 10_11_6) AppleWebKit/537.36 (KHTML, like Gecko) Chrome/59.0.3071.115 Safari/537.36"
::1 - - [25/Jul/2017:09:59:30 +0000] "GET /static/a.txt HTTP/1.1" 304 - "-" "Mozilla/5.0 (Macintosh; Intel Mac OS X 10_11_6) AppleWebKit/537.36 (KHTML, like Gecko) Chrome/59.0.3071.115 Safari/537.36"
::1 - - [25/Jul/2017:09:59:36 +0000] "GET /user/view HTTP/1.1" 302 66 "http://localhost:3000/user/login" "Mozilla/5.0 (Macintosh; Intel Mac OS X 10_11_6) AppleWebKit/537.36 (KHTML, like Gecko) Chrome/59.0.3071.115 Safari/537.36"
::1 - - [25/Jul/2017:09:59:36 +0000] "GET /user/login HTTP/1.1" 200 372 "http://localhost:3000/user/login" "Mozilla/5.0 (Macintosh; Intel Mac OS X 10_11_6) AppleWebKit/537.36 (KHTML, like Gecko) Chrome/59.0.3071.115 Safari/537.36"
::1 - - [25/Jul/2017:09:59:39 +0000] "POST /user/login HTTP/1.1" 302 64 "http://localhost:3000/user/login" "Mozilla/5.0 (Macintosh; Intel Mac OS X 10_11_6) AppleWebKit/537.36 (KHTML, like Gecko) Chrome/59.0.3071.115 Safari/537.36"
::1 - - [25/Jul/2017:09:59:39 +0000] "GET /user/view HTTP/1.1" 200 1797 "http://localhost:3000/user/login" "Mozilla/5.0 (Macintosh; Intel Mac OS X 10_11_6) AppleWebKit/537.36 (KHTML, like Gecko) Chrome/59.0.3071.115 Safari/537.36"
::1 - - [25/Jul/2017:10:25:36 +0000] "GET /user/view HTTP/1.1" 302 66 "-" "Mozilla/5.0 (Macintosh; Intel Mac OS X 10_11_6) AppleWebKit/537.36 (KHTML, like Gecko) Chrome/59.0.3071.115 Safari/537.36"
::1 - - [25/Jul/2017:10:25:36 +0000] "GET /user/login HTTP/1.1" 200 379 "-" "Mozilla/5.0 (Macintosh; Intel Mac OS X 10_11_6) AppleWebKit/537.36 (KHTML, like Gecko) Chrome/59.0.3071.115 Safari/537.36"
::1 - - [25/Jul/2017:10:25:36 +0000] "GET /favicon.ico HTTP/1.1" 302 33 "http://localhost:9000/user/login" "Mozilla/5.0 (Macintosh; Intel Mac OS X 10_11_6) AppleWebKit/537.36 (KHTML, like Gecko) Chrome/59.0.3071.115 Safari/537.36"
::1 - - [25/Jul/2017:10:25:36 +0000] "GET /user/login HTTP/1.1" 304 - "http://localhost:9000/user/login" "Mozilla/5.0 (Macintosh; Intel Mac OS X 10_11_6) AppleWebKit/537.36 (KHTML, like Gecko) Chrome/59.0.3071.115 Safari/537.36"
::1 - - [25/Jul/2017:10:25:42 +0000] "POST /user/login HTTP/1.1" 302 64 "http://localhost:9000/user/login" "Mozilla/5.0 (Macintosh; Intel Mac OS X 10_11_6) AppleWebKit/537.36 (KHTML, like Gecko) Chrome/59.0.3071.115 Safari/537.36"
::1 - - [25/Jul/2017:10:25:42 +0000] "GET /user/view HTTP/1.1" 200 523 "http://localhost:9000/user/login" "Mozilla/5.0 (Macintosh; Intel Mac OS X 10_11_6) AppleWebKit/537.36 (KHTML, like Gecko) Chrome/59.0.3071.115 Safari/537.36"
::1 - - [25/Jul/2017:10:25:42 +0000] "GET /favicon.ico HTTP/1.1" 404 150 "http://localhost:9000/user/view" "Mozilla/5.0 (Macintosh; Intel Mac OS X 10_11_6) AppleWebKit/537.36 (KHTML, like Gecko) Chrome/59.0.3071.115 Safari/537.36"
::1 - - [25/Jul/2017:10:26:06 +0000] "GET /user/view HTTP/1.1" 200 507 "http://localhost:9000/user/login" "Mozilla/5.0 (Macintosh; Intel Mac OS X 10_11_6) AppleWebKit/537.36 (KHTML, like Gecko) Chrome/59.0.3071.115 Safari/537.36"
::1 - - [25/Jul/2017:10:26:13 +0000] "POST /user/save HTTP/1.1" 302 64 "http://localhost:9000/user/view" "Mozilla/5.0 (Macintosh; Intel Mac OS X 10_11_6) AppleWebKit/537.36 (KHTML, like Gecko) Chrome/59.0.3071.115 Safari/537.36"
::1 - - [25/Jul/2017:10:26:13 +0000] "GET /user/view HTTP/1.1" 200 565 "http://localhost:9000/user/view" "Mozilla/5.0 (Macintosh; Intel Mac OS X 10_11_6) AppleWebKit/537.36 (KHTML, like Gecko) Chrome/59.0.3071.115 Safari/537.36"
::1 - - [25/Jul/2017:10:26:16 +0000] "GET /user/logout HTTP/1.1" 302 66 "http://localhost:9000/user/view" "Mozilla/5.0 (Macintosh; Intel Mac OS X 10_11_6) AppleWebKit/537.36 (KHTML, like Gecko) Chrome/59.0.3071.115 Safari/537.36"
::1 - - [25/Jul/2017:10:26:16 +0000] "GET /user/login HTTP/1.1" 200 379 "http://localhost:9000/user/view" "Mozilla/5.0 (Macintosh; Intel Mac OS X 10_11_6) AppleWebKit/537.36 (KHTML, like Gecko) Chrome/59.0.3071.115 Safari/537.36"
::1 - - [25/Jul/2017:10:26:20 +0000] "POST /user/login HTTP/1.1" 302 64 "http://localhost:9000/user/login" "Mozilla/5.0 (Macintosh; Intel Mac OS X 10_11_6) AppleWebKit/537.36 (KHTML, like Gecko) Chrome/59.0.3071.115 Safari/537.36"
::1 - - [25/Jul/2017:10:26:20 +0000] "GET /user/view HTTP/1.1" 304 - "http://localhost:9000/user/login" "Mozilla/5.0 (Macintosh; Intel Mac OS X 10_11_6) AppleWebKit/537.36 (KHTML, like Gecko) Chrome/59.0.3071.115 Safari/537.36"
::1 - - [25/Jul/2017:10:29:30 +0000] "GET /user/login HTTP/1.1" 200 379 "-" "Mozilla/5.0 (Macintosh; Intel Mac OS X 10_11_6) AppleWebKit/537.36 (KHTML, like Gecko) Chrome/59.0.3071.115 Safari/537.36"
::1 - - [25/Jul/2017:10:29:40 +0000] "POST /user/save HTTP/1.1" 302 66 "http://localhost:9000/user/view" "Mozilla/5.0 (Macintosh; Intel Mac OS X 10_11_6) AppleWebKit/537.36 (KHTML, like Gecko) Chrome/59.0.3071.115 Safari/537.36"
::1 - - [25/Jul/2017:10:29:40 +0000] "GET /user/login HTTP/1.1" 200 379 "http://localhost:9000/user/view" "Mozilla/5.0 (Macintosh; Intel Mac OS X 10_11_6) AppleWebKit/537.36 (KHTML, like Gecko) Chrome/59.0.3071.115 Safari/537.36"
::1 - - [25/Jul/2017:10:30:05 +0000] "POST /user/save HTTP/1.1" 302 64 "http://localhost:9000/user/view" "Mozilla/5.0 (Macintosh; Intel Mac OS X 10_11_6) AppleWebKit/537.36 (KHTML, like Gecko) Chrome/59.0.3071.115 Safari/537.36"
::1 - - [25/Jul/2017:10:30:05 +0000] "GET /user/view HTTP/1.1" 200 624 "http://localhost:9000/user/view" "Mozilla/5.0 (Macintosh; Intel Mac OS X 10_11_6) AppleWebKit/537.36 (KHTML, like Gecko) Chrome/59.0.3071.115 Safari/537.36"
::1 - - [25/Jul/2017:10:33:56 +0000] "GET /user/login HTTP/1.1" 304 - "-" "Mozilla/5.0 (Macintosh; Intel Mac OS X 10_11_6) AppleWebKit/537.36 (KHTML, like Gecko) Chrome/59.0.3071.115 Safari/537.36"
::1 - - [25/Jul/2017:10:34:00 +0000] "POST /user/login HTTP/1.1" 302 64 "http://localhost:3000/user/login" "Mozilla/5.0 (Macintosh; Intel Mac OS X 10_11_6) AppleWebKit/537.36 (KHTML, like Gecko) Chrome/59.0.3071.115 Safari/537.36"
::1 - - [25/Jul/2017:10:34:00 +0000] "GET /user/view HTTP/1.1" 200 624 "http://localhost:3000/user/login" "Mozilla/5.0 (Macintosh; Intel Mac OS X 10_11_6) AppleWebKit/537.36 (KHTML, like Gecko) Chrome/59.0.3071.115 Safari/537.36"
::1 - - [25/Jul/2017:10:41:04 +0000] "GET /user/view HTTP/1.1" 302 66 "http://localhost:9000/user/view" "Mozilla/5.0 (Macintosh; Intel Mac OS X 10_11_6) AppleWebKit/537.36 (KHTML, like Gecko) Chrome/59.0.3071.115 Safari/537.36"
::1 - - [25/Jul/2017:10:41:04 +0000] "GET /user/login HTTP/1.1" 304 - "http://localhost:9000/user/view" "Mozilla/5.0 (Macintosh; Intel Mac OS X 10_11_6) AppleWebKit/537.36 (KHTML, like Gecko) Chrome/59.0.3071.115 Safari/537.36"
::1 - - [25/Jul/2017:10:42:22 +0000] "GET /user/login HTTP/1.1" 304 - "http://localhost:9000/user/view" "Mozilla/5.0 (Macintosh; Intel Mac OS X 10_11_6) AppleWebKit/537.36 (KHTML, like Gecko) Chrome/59.0.3071.115 Safari/537.36"
::1 - - [25/Jul/2017:10:42:26 +0000] "POST /user/login HTTP/1.1" 302 64 "http://localhost:9000/user/login" "Mozilla/5.0 (Macintosh; Intel Mac OS X 10_11_6) AppleWebKit/537.36 (KHTML, like Gecko) Chrome/59.0.3071.115 Safari/537.36"
::1 - - [25/Jul/2017:10:42:26 +0000] "GET /user/view HTTP/1.1" 200 726 "http://localhost:9000/user/login" "Mozilla/5.0 (Macintosh; Intel Mac OS X 10_11_6) AppleWebKit/537.36 (KHTML, like Gecko) Chrome/59.0.3071.115 Safari/537.36"
::1 - - [25/Jul/2017:10:42:30 +0000] "GET /user/del/test HTTP/1.1" 404 152 "http://localhost:9000/user/view" "Mozilla/5.0 (Macintosh; Intel Mac OS X 10_11_6) AppleWebKit/537.36 (KHTML, like Gecko) Chrome/59.0.3071.115 Safari/537.36"
::1 - - [25/Jul/2017:10:43:03 +0000] "GET /user/view HTTP/1.1" 302 66 "http://localhost:9000/user/login" "Mozilla/5.0 (Macintosh; Intel Mac OS X 10_11_6) AppleWebKit/537.36 (KHTML, like Gecko) Chrome/59.0.3071.115 Safari/537.36"
::1 - - [25/Jul/2017:10:43:03 +0000] "GET /user/login HTTP/1.1" 200 379 "http://localhost:9000/user/login" "Mozilla/5.0 (Macintosh; Intel Mac OS X 10_11_6) AppleWebKit/537.36 (KHTML, like Gecko) Chrome/59.0.3071.115 Safari/537.36"
::1 - - [25/Jul/2017:10:43:07 +0000] "POST /user/login HTTP/1.1" 302 64 "http://localhost:9000/user/login" "Mozilla/5.0 (Macintosh; Intel Mac OS X 10_11_6) AppleWebKit/537.36 (KHTML, like Gecko) Chrome/59.0.3071.115 Safari/537.36"
::1 - - [25/Jul/2017:10:43:07 +0000] "GET /user/view HTTP/1.1" 200 726 "http://localhost:9000/user/login" "Mozilla/5.0 (Macintosh; Intel Mac OS X 10_11_6) AppleWebKit/537.36 (KHTML, like Gecko) Chrome/59.0.3071.115 Safari/537.36"
::1 - - [25/Jul/2017:10:43:09 +0000] "GET /user/del/test HTTP/1.1" 500 2399 "http://localhost:9000/user/view" "Mozilla/5.0 (Macintosh; Intel Mac OS X 10_11_6) AppleWebKit/537.36 (KHTML, like Gecko) Chrome/59.0.3071.115 Safari/537.36"
::1 - - [25/Jul/2017:10:43:42 +0000] "GET /user/view HTTP/1.1" 302 66 "http://localhost:9000/user/login" "Mozilla/5.0 (Macintosh; Intel Mac OS X 10_11_6) AppleWebKit/537.36 (KHTML, like Gecko) Chrome/59.0.3071.115 Safari/537.36"
::1 - - [25/Jul/2017:10:43:42 +0000] "GET /user/login HTTP/1.1" 200 379 "http://localhost:9000/user/login" "Mozilla/5.0 (Macintosh; Intel Mac OS X 10_11_6) AppleWebKit/537.36 (KHTML, like Gecko) Chrome/59.0.3071.115 Safari/537.36"
::1 - - [25/Jul/2017:10:43:47 +0000] "POST /user/login HTTP/1.1" 302 64 "http://localhost:9000/user/login" "Mozilla/5.0 (Macintosh; Intel Mac OS X 10_11_6) AppleWebKit/537.36 (KHTML, like Gecko) Chrome/59.0.3071.115 Safari/537.36"
::1 - - [25/Jul/2017:10:43:47 +0000] "GET /user/view HTTP/1.1" 200 726 "http://localhost:9000/user/login" "Mozilla/5.0 (Macintosh; Intel Mac OS X 10_11_6) AppleWebKit/537.36 (KHTML, like Gecko) Chrome/59.0.3071.115 Safari/537.36"
::1 - - [25/Jul/2017:10:43:48 +0000] "GET /user/del/test HTTP/1.1" 500 2399 "http://localhost:9000/user/view" "Mozilla/5.0 (Macintosh; Intel Mac OS X 10_11_6) AppleWebKit/537.36 (KHTML, like Gecko) Chrome/59.0.3071.115 Safari/537.36"
::1 - - [25/Jul/2017:10:44:23 +0000] "GET /user/view HTTP/1.1" 302 66 "http://localhost:9000/user/login" "Mozilla/5.0 (Macintosh; Intel Mac OS X 10_11_6) AppleWebKit/537.36 (KHTML, like Gecko) Chrome/59.0.3071.115 Safari/537.36"
::1 - - [25/Jul/2017:10:44:23 +0000] "GET /user/login HTTP/1.1" 200 379 "http://localhost:9000/user/login" "Mozilla/5.0 (Macintosh; Intel Mac OS X 10_11_6) AppleWebKit/537.36 (KHTML, like Gecko) Chrome/59.0.3071.115 Safari/537.36"
::1 - - [25/Jul/2017:10:44:28 +0000] "POST /user/login HTTP/1.1" 302 64 "http://localhost:9000/user/login" "Mozilla/5.0 (Macintosh; Intel Mac OS X 10_11_6) AppleWebKit/537.36 (KHTML, like Gecko) Chrome/59.0.3071.115 Safari/537.36"
::1 - - [25/Jul/2017:10:44:28 +0000] "GET /user/view HTTP/1.1" 200 726 "http://localhost:9000/user/login" "Mozilla/5.0 (Macintosh; Intel Mac OS X 10_11_6) AppleWebKit/537.36 (KHTML, like Gecko) Chrome/59.0.3071.115 Safari/537.36"
::1 - - [25/Jul/2017:10:44:29 +0000] "GET /user/del/test HTTP/1.1" 302 64 "http://localhost:9000/user/view" "Mozilla/5.0 (Macintosh; Intel Mac OS X 10_11_6) AppleWebKit/537.36 (KHTML, like Gecko) Chrome/59.0.3071.115 Safari/537.36"
::1 - - [25/Jul/2017:10:44:29 +0000] "GET /user/view HTTP/1.1" 200 631 "http://localhost:9000/user/view" "Mozilla/5.0 (Macintosh; Intel Mac OS X 10_11_6) AppleWebKit/537.36 (KHTML, like Gecko) Chrome/59.0.3071.115 Safari/537.36"
::1 - - [25/Jul/2017:10:45:15 +0000] "GET /user/view HTTP/1.1" 200 711 "http://localhost:9000/user/view" "Mozilla/5.0 (Macintosh; Intel Mac OS X 10_11_6) AppleWebKit/537.36 (KHTML, like Gecko) Chrome/59.0.3071.115 Safari/537.36"
::1 - - [25/Jul/2017:10:45:17 +0000] "GET /user/view HTTP/1.1" 304 - "http://localhost:9000/user/view" "Mozilla/5.0 (Macintosh; Intel Mac OS X 10_11_6) AppleWebKit/537.36 (KHTML, like Gecko) Chrome/59.0.3071.115 Safari/537.36"
::1 - - [25/Jul/2017:10:45:19 +0000] "GET /user/view HTTP/1.1" 304 - "http://localhost:9000/user/view" "Mozilla/5.0 (Macintosh; Intel Mac OS X 10_11_6) AppleWebKit/537.36 (KHTML, like Gecko) Chrome/59.0.3071.115 Safari/537.36"
::1 - - [25/Jul/2017:10:45:26 +0000] "GET /user/view HTTP/1.1" 304 - "http://localhost:9000/user/view" "Mozilla/5.0 (Macintosh; Intel Mac OS X 10_11_6) AppleWebKit/537.36 (KHTML, like Gecko) Chrome/59.0.3071.115 Safari/537.36"
::1 - - [25/Jul/2017:10:45:28 +0000] "GET /user/logout HTTP/1.1" 302 66 "http://localhost:9000/user/view" "Mozilla/5.0 (Macintosh; Intel Mac OS X 10_11_6) AppleWebKit/537.36 (KHTML, like Gecko) Chrome/59.0.3071.115 Safari/537.36"
::1 - - [25/Jul/2017:10:45:28 +0000] "GET /user/login HTTP/1.1" 200 379 "http://localhost:9000/user/view" "Mozilla/5.0 (Macintosh; Intel Mac OS X 10_11_6) AppleWebKit/537.36 (KHTML, like Gecko) Chrome/59.0.3071.115 Safari/537.36"
::1 - - [25/Jul/2017:10:45:33 +0000] "POST /user/login HTTP/1.1" 302 64 "http://localhost:9000/user/login" "Mozilla/5.0 (Macintosh; Intel Mac OS X 10_11_6) AppleWebKit/537.36 (KHTML, like Gecko) Chrome/59.0.3071.115 Safari/537.36"
::1 - - [25/Jul/2017:10:45:33 +0000] "GET /user/view HTTP/1.1" 304 - "http://localhost:9000/user/login" "Mozilla/5.0 (Macintosh; Intel Mac OS X 10_11_6) AppleWebKit/537.36 (KHTML, like Gecko) Chrome/59.0.3071.115 Safari/537.36"
::1 - - [25/Jul/2017:10:45:54 +0000] "GET /user/view HTTP/1.1" 200 713 "http://localhost:9000/user/login" "Mozilla/5.0 (Macintosh; Intel Mac OS X 10_11_6) AppleWebKit/537.36 (KHTML, like Gecko) Chrome/59.0.3071.115 Safari/537.36"
::1 - - [25/Jul/2017:10:47:18 +0000] "GET /user/view HTTP/1.1" 200 757 "http://localhost:9000/user/login" "Mozilla/5.0 (Macintosh; Intel Mac OS X 10_11_6) AppleWebKit/537.36 (KHTML, like Gecko) Chrome/59.0.3071.115 Safari/537.36"
